<?xml version="1.0" encoding="UTF-8"?>
<robot generator="Robot 4.1.3 (Python 3.10.2 on win32)" generated="20220316 19:30:37.362" rpa="false" schemaversion="2">
<suite id="s1" name="Demo1 Orangehrm Suite" source="D:\ROBOT-SESSION\ROBOT_PROJECT\selenium_suite\demo1_orangehrm_suite.robot">
<test id="s1-t1" name="TC1">
<kw name="Append To Environment Variable" library="OperatingSystem">
<arg>Path</arg>
<arg>${EXECDIR}${/}driver${/}</arg>
<doc>Appends given ``values`` to environment variable ``name``.</doc>
<msg timestamp="20220316 19:30:38.162" level="INFO">Environment variable 'Path' set to value 'C:\Windows\system32;C:\Windows;C:\Windows\System32\Wbem;C:\Windows\System32\WindowsPowerShell\v1.0\;C:\Windows\System32\OpenSSH\;C:\Program Files\Git\cmd;C:\Users\samre\AppData\Local\Programs\Python\Python310\Scripts\;C:\Users\samre\AppData\Local\Programs\Python\Python310\;C:\Users\samre\AppData\Local\Microsoft\WindowsApps;;C:\PyCharm 2021.3.2\bin;;C:\Program Files\JetBrains\PyCharm Community Edition 2021.3.2\bin;;C:\Users\samre\AppData\Local\Programs\Microsoft VS Code\bin;D:\ROBOT-SESSION\ROBOT_PROJECT\selenium_suite\driver\'.</msg>
<status status="PASS" starttime="20220316 19:30:38.162" endtime="20220316 19:30:38.162"/>
</kw>
<kw name="Open Browser" library="SeleniumLibrary">
<arg>url=https://opensource-demo.orangehrmlive.com/</arg>
<arg>browser=chrome</arg>
<doc>Opens a new browser instance to the optional ``url``.</doc>
<msg timestamp="20220316 19:30:38.162" level="INFO">Opening browser 'chrome' to base url 'https://opensource-demo.orangehrmlive.com/'.</msg>
<msg timestamp="20220316 19:30:38.193" level="INFO">Cannot capture screenshot because no browser is open.</msg>
<msg timestamp="20220316 19:30:38.209" level="FAIL">WebDriverException: Message: 'chromedriver' executable needs to be in PATH. Please see https://chromedriver.chromium.org/home
</msg>
<status status="FAIL" starttime="20220316 19:30:38.162" endtime="20220316 19:30:38.209"/>
</kw>
<kw name="Maximize Browser Window" library="SeleniumLibrary">
<doc>Maximizes current browser window.</doc>
<status status="NOT RUN" starttime="20220316 19:30:38.209" endtime="20220316 19:30:38.209"/>
</kw>
<kw name="Set Selenium Implicit Wait" library="SeleniumLibrary">
<arg>10s</arg>
<doc>Sets the implicit wait value used by Selenium.</doc>
<status status="NOT RUN" starttime="20220316 19:30:38.209" endtime="20220316 19:30:38.209"/>
</kw>
<kw name="Input Text" library="SeleniumLibrary">
<arg>id=txtUsername</arg>
<arg>Admin</arg>
<doc>Types the given ``text`` into the text field identified by ``locator``.</doc>
<status status="NOT RUN" starttime="20220316 19:30:38.209" endtime="20220316 19:30:38.209"/>
</kw>
<kw name="Input Password" library="SeleniumLibrary">
<arg>id=txtPassword</arg>
<arg>admin123</arg>
<doc>Types the given password into the text field identified by ``locator``.</doc>
<status status="NOT RUN" starttime="20220316 19:30:38.209" endtime="20220316 19:30:38.209"/>
</kw>
<kw name="Click Element" library="SeleniumLibrary">
<arg>id=btnLogin</arg>
<doc>Click the element identified by ``locator``.</doc>
<status status="NOT RUN" starttime="20220316 19:30:38.209" endtime="20220316 19:30:38.209"/>
</kw>
<kw name="Page Should Contain" library="SeleniumLibrary">
<arg>My Info</arg>
<doc>Verifies that current page contains ``text``.</doc>
<status status="NOT RUN" starttime="20220316 19:30:38.209" endtime="20220316 19:30:38.209"/>
</kw>
<kw name="Click Element" library="SeleniumLibrary">
<arg>id=welcome</arg>
<doc>Click the element identified by ``locator``.</doc>
<status status="NOT RUN" starttime="20220316 19:30:38.209" endtime="20220316 19:30:38.209"/>
</kw>
<kw name="Click Element" library="SeleniumLibrary">
<arg>link=Logout</arg>
<doc>Click the element identified by ``locator``.</doc>
<status status="NOT RUN" starttime="20220316 19:30:38.209" endtime="20220316 19:30:38.209"/>
</kw>
<status status="FAIL" starttime="20220316 19:30:38.162" endtime="20220316 19:30:38.224">WebDriverException: Message: 'chromedriver' executable needs to be in PATH. Please see https://chromedriver.chromium.org/home
</status>
</test>
<test id="s1-t2" name="TC2">
<kw name="Append To Environment Variable" library="OperatingSystem">
<arg>Path</arg>
<arg>${EXECDIR}${/}driver${/}</arg>
<doc>Appends given ``values`` to environment variable ``name``.</doc>
<msg timestamp="20220316 19:30:38.224" level="INFO">Environment variable 'Path' set to value 'C:\Windows\system32;C:\Windows;C:\Windows\System32\Wbem;C:\Windows\System32\WindowsPowerShell\v1.0\;C:\Windows\System32\OpenSSH\;C:\Program Files\Git\cmd;C:\Users\samre\AppData\Local\Programs\Python\Python310\Scripts\;C:\Users\samre\AppData\Local\Programs\Python\Python310\;C:\Users\samre\AppData\Local\Microsoft\WindowsApps;;C:\PyCharm 2021.3.2\bin;;C:\Program Files\JetBrains\PyCharm Community Edition 2021.3.2\bin;;C:\Users\samre\AppData\Local\Programs\Microsoft VS Code\bin;D:\ROBOT-SESSION\ROBOT_PROJECT\selenium_suite\driver\;D:\ROBOT-SESSION\ROBOT_PROJECT\selenium_suite\driver\'.</msg>
<status status="PASS" starttime="20220316 19:30:38.224" endtime="20220316 19:30:38.224"/>
</kw>
<kw name="Open Browser" library="SeleniumLibrary">
<arg>url=https://opensource-demo.orangehrmlive.com/</arg>
<arg>browser=chrome</arg>
<doc>Opens a new browser instance to the optional ``url``.</doc>
<msg timestamp="20220316 19:30:38.224" level="INFO">Opening browser 'chrome' to base url 'https://opensource-demo.orangehrmlive.com/'.</msg>
<msg timestamp="20220316 19:30:38.224" level="INFO">Cannot capture screenshot because no browser is open.</msg>
<msg timestamp="20220316 19:30:38.224" level="FAIL">WebDriverException: Message: 'chromedriver' executable needs to be in PATH. Please see https://chromedriver.chromium.org/home
</msg>
<status status="FAIL" starttime="20220316 19:30:38.224" endtime="20220316 19:30:38.224"/>
</kw>
<kw name="Maximize Browser Window" library="SeleniumLibrary">
<doc>Maximizes current browser window.</doc>
<status status="NOT RUN" starttime="20220316 19:30:38.240" endtime="20220316 19:30:38.240"/>
</kw>
<kw name="Set Selenium Implicit Wait" library="SeleniumLibrary">
<arg>10S</arg>
<doc>Sets the implicit wait value used by Selenium.</doc>
<status status="NOT RUN" starttime="20220316 19:30:38.240" endtime="20220316 19:30:38.240"/>
</kw>
<kw name="Input Text" library="SeleniumLibrary">
<arg>id=txtUsername</arg>
<arg>Admin</arg>
<doc>Types the given ``text`` into the text field identified by ``locator``.</doc>
<status status="NOT RUN" starttime="20220316 19:30:38.240" endtime="20220316 19:30:38.240"/>
</kw>
<kw name="Input Password" library="SeleniumLibrary">
<arg>id=txtPassword</arg>
<arg>admin123</arg>
<doc>Types the given password into the text field identified by ``locator``.</doc>
<status status="NOT RUN" starttime="20220316 19:30:38.240" endtime="20220316 19:30:38.240"/>
</kw>
<kw name="Click Element" library="SeleniumLibrary">
<arg>id=btnLogin</arg>
<doc>Click the element identified by ``locator``.</doc>
<status status="NOT RUN" starttime="20220316 19:30:38.240" endtime="20220316 19:30:38.240"/>
</kw>
<kw name="Click Element" library="SeleniumLibrary">
<arg>id=menu_pim_viewMyDetails</arg>
<doc>Click the element identified by ``locator``.</doc>
<status status="NOT RUN" starttime="20220316 19:30:38.240" endtime="20220316 19:30:38.240"/>
</kw>
<kw name="Page Should Contain" library="SeleniumLibrary">
<arg>My Info</arg>
<doc>Verifies that current page contains ``text``.</doc>
<status status="NOT RUN" starttime="20220316 19:30:38.240" endtime="20220316 19:30:38.240"/>
</kw>
<kw name="Click Element" library="SeleniumLibrary">
<arg>Partial link=Emergency Contacts</arg>
<doc>Click the element identified by ``locator``.</doc>
<status status="NOT RUN" starttime="20220316 19:30:38.240" endtime="20220316 19:30:38.240"/>
</kw>
<kw name="Click Element" library="SeleniumLibrary">
<arg>id=btnAddContact</arg>
<doc>Click the element identified by ``locator``.</doc>
<status status="NOT RUN" starttime="20220316 19:30:38.240" endtime="20220316 19:30:38.240"/>
</kw>
<kw name="Input Text" library="SeleniumLibrary">
<arg>name=emgcontacts[name]</arg>
<arg>samreen</arg>
<doc>Types the given ``text`` into the text field identified by ``locator``.</doc>
<status status="NOT RUN" starttime="20220316 19:30:38.240" endtime="20220316 19:30:38.240"/>
</kw>
<kw name="Input Text" library="SeleniumLibrary">
<arg>id=emgcontacts_relationship</arg>
<arg>brother</arg>
<doc>Types the given ``text`` into the text field identified by ``locator``.</doc>
<status status="NOT RUN" starttime="20220316 19:30:38.240" endtime="20220316 19:30:38.240"/>
</kw>
<kw name="Input Text" library="SeleniumLibrary">
<arg>id=emgcontacts_homePhone</arg>
<arg>89705</arg>
<doc>Types the given ``text`` into the text field identified by ``locator``.</doc>
<status status="NOT RUN" starttime="20220316 19:30:38.240" endtime="20220316 19:30:38.240"/>
</kw>
<kw name="Click Element" library="SeleniumLibrary">
<arg>id=btnSaveEContact</arg>
<doc>Click the element identified by ``locator``.</doc>
<status status="NOT RUN" starttime="20220316 19:30:38.240" endtime="20220316 19:30:38.240"/>
</kw>
<status status="FAIL" starttime="20220316 19:30:38.224" endtime="20220316 19:30:38.240">WebDriverException: Message: 'chromedriver' executable needs to be in PATH. Please see https://chromedriver.chromium.org/home
</status>
</test>
<status status="FAIL" starttime="20220316 19:30:37.362" endtime="20220316 19:30:38.255"/>
</suite>
<statistics>
<total>
<stat pass="0" fail="2" skip="0">All Tests</stat>
</total>
<tag>
</tag>
<suite>
<stat pass="0" fail="2" skip="0" id="s1" name="Demo1 Orangehrm Suite">Demo1 Orangehrm Suite</stat>
</suite>
</statistics>
<errors>
</errors>
</robot>
